[debug] [2024-01-25T22:27:11.959Z] ----------------------------------------------------------------------
[debug] [2024-01-25T22:27:11.961Z] Command:       C:\Program Files\nodejs\node.exe C:\Users\nacho\AppData\Roaming\npm\node_modules\firebase-tools\lib\bin\firebase.js deploy
[debug] [2024-01-25T22:27:11.961Z] CLI Version:   12.7.0
[debug] [2024-01-25T22:27:11.961Z] Platform:      win32
[debug] [2024-01-25T22:27:11.962Z] Node Version:  v18.13.0
[debug] [2024-01-25T22:27:11.966Z] Time:          Thu Jan 25 2024 19:27:11 GMT-0300 (hora estándar de Argentina)
[debug] [2024-01-25T22:27:11.966Z] ----------------------------------------------------------------------
[debug] 
[debug] [2024-01-25T22:27:11.971Z] >>> [apiv2][query] GET https://firebase-public.firebaseio.com/cli.json [none]
[debug] [2024-01-25T22:27:12.067Z] > command requires scopes: ["email","openid","https://www.googleapis.com/auth/cloudplatformprojects.readonly","https://www.googleapis.com/auth/firebase","https://www.googleapis.com/auth/cloud-platform"]
[debug] [2024-01-25T22:27:12.067Z] > authorizing via signed-in user (ignaciomaiorino50@gmail.com)
[debug] [2024-01-25T22:27:12.067Z] [iam] checking project dimecosalud-bellville for permissions ["firebase.projects.get","firebasehosting.sites.update"]
[debug] [2024-01-25T22:27:12.068Z] > refreshing access token with scopes: []
[debug] [2024-01-25T22:27:12.069Z] >>> [apiv2][query] POST https://www.googleapis.com/oauth2/v3/token [none]
[debug] [2024-01-25T22:27:12.069Z] >>> [apiv2][body] POST https://www.googleapis.com/oauth2/v3/token [omitted]
[debug] [2024-01-25T22:27:12.339Z] <<< [apiv2][status] POST https://www.googleapis.com/oauth2/v3/token 200
[debug] [2024-01-25T22:27:12.339Z] <<< [apiv2][body] POST https://www.googleapis.com/oauth2/v3/token [omitted]
[debug] [2024-01-25T22:27:12.350Z] >>> [apiv2][query] POST https://cloudresourcemanager.googleapis.com/v1/projects/dimecosalud-bellville:testIamPermissions [none]
[debug] [2024-01-25T22:27:12.350Z] >>> [apiv2][(partial)header] POST https://cloudresourcemanager.googleapis.com/v1/projects/dimecosalud-bellville:testIamPermissions x-goog-quota-user=projects/dimecosalud-bellville
[debug] [2024-01-25T22:27:12.351Z] >>> [apiv2][body] POST https://cloudresourcemanager.googleapis.com/v1/projects/dimecosalud-bellville:testIamPermissions {"permissions":["firebase.projects.get","firebasehosting.sites.update"]}
[debug] [2024-01-25T22:27:12.706Z] <<< [apiv2][status] GET https://firebase-public.firebaseio.com/cli.json 200
[debug] [2024-01-25T22:27:12.706Z] <<< [apiv2][body] GET https://firebase-public.firebaseio.com/cli.json {"cloudBuildErrorAfter":1594252800000,"cloudBuildWarnAfter":1590019200000,"defaultNode10After":1594252800000,"minVersion":"3.0.5","node8DeploysDisabledAfter":1613390400000,"node8RuntimeDisabledAfter":1615809600000,"node8WarnAfter":1600128000000}
[debug] [2024-01-25T22:27:13.345Z] <<< [apiv2][status] POST https://cloudresourcemanager.googleapis.com/v1/projects/dimecosalud-bellville:testIamPermissions 200
[debug] [2024-01-25T22:27:13.345Z] <<< [apiv2][body] POST https://cloudresourcemanager.googleapis.com/v1/projects/dimecosalud-bellville:testIamPermissions {"permissions":["firebase.projects.get","firebasehosting.sites.update"]}
[debug] [2024-01-25T22:27:13.346Z] >>> [apiv2][query] GET https://firebase.googleapis.com/v1beta1/projects/dimecosalud-bellville [none]
[debug] [2024-01-25T22:27:13.836Z] <<< [apiv2][status] GET https://firebase.googleapis.com/v1beta1/projects/dimecosalud-bellville 200
[debug] [2024-01-25T22:27:13.836Z] <<< [apiv2][body] GET https://firebase.googleapis.com/v1beta1/projects/dimecosalud-bellville {"projectId":"dimecosalud-bellville","projectNumber":"629245956521","displayName":"DimecoSalud-BellVille","name":"projects/dimecosalud-bellville","resources":{"hostingSite":"dimecosalud-bellville","storageBucket":"dimecosalud-bellville.appspot.com","locationId":"us-central"},"state":"ACTIVE","etag":"1_cc3518a3-f793-4c59-be4d-5598c9a04460"}
[info] 
[info] === Deploying to 'dimecosalud-bellville'...
[info] 
[info] i  deploying hosting 
[debug] [2024-01-25T22:27:13.845Z] >>> [apiv2][query] POST https://firebasehosting.googleapis.com/v1beta1/projects/-/sites/dimecosalud-bellville/versions [none]
[debug] [2024-01-25T22:27:13.846Z] >>> [apiv2][body] POST https://firebasehosting.googleapis.com/v1beta1/projects/-/sites/dimecosalud-bellville/versions {"status":"CREATED","labels":{"deployment-tool":"cli-firebase"}}
[debug] [2024-01-25T22:27:15.358Z] <<< [apiv2][status] POST https://firebasehosting.googleapis.com/v1beta1/projects/-/sites/dimecosalud-bellville/versions 200
[debug] [2024-01-25T22:27:15.358Z] <<< [apiv2][body] POST https://firebasehosting.googleapis.com/v1beta1/projects/-/sites/dimecosalud-bellville/versions {"name":"projects/629245956521/sites/dimecosalud-bellville/versions/af243a3f4e5895bd","status":"CREATED","config":{},"labels":{"deployment-tool":"cli-firebase"}}
[info] i  hosting[dimecosalud-bellville]: beginning deploy... 
[info] i  hosting[dimecosalud-bellville]: found 9 files in dist/dimeco-salud 
[debug] [2024-01-25T22:27:15.368Z] [hosting] uploading with 200 concurrency
[debug] [2024-01-25T22:27:15.369Z] [hosting] hash cache [ZGlzdFxkaW1lY28tc2FsdWQ] not populated
[debug] [2024-01-25T22:27:15.404Z] [hosting] hash cache [ZGlzdFxkaW1lY28tc2FsdWQ] stored for 9 files
[debug] [2024-01-25T22:27:15.405Z] [hosting][hash queue][FINAL] {"max":30,"min":14,"avg":16.77777777777778,"active":0,"complete":9,"success":9,"errored":0,"retried":0,"total":9,"elapsed":35}
[debug] [2024-01-25T22:27:15.405Z] >>> [apiv2][query] POST https://firebasehosting.googleapis.com/v1beta1/projects/629245956521/sites/dimecosalud-bellville/versions/af243a3f4e5895bd:populateFiles [none]
[debug] [2024-01-25T22:27:15.405Z] >>> [apiv2][body] POST https://firebasehosting.googleapis.com/v1beta1/projects/629245956521/sites/dimecosalud-bellville/versions/af243a3f4e5895bd:populateFiles {"files":{"/index.html":"dec6c2df35b40fe8cc0e80337287dc23d9c79c17231857ef981c2e5bebae9508","/3rdpartylicenses.txt":"80da52b16a506c460ad39feaca3ce6d1fd737a5bbb72b824d1da9c56e34efc85","/robots.txt":"7497b27d9ee8e9353f8efea6b6813d18b3592cb451ce986c003504f5a6cf7166","/scripts.68ed26d13e2edc19.js":"6397d9de93025439f9d3c01fc73f3a79f646cf504d93d1465dc9d02fe55419c6","/runtime.6534e7ebe3a19213.js":"45974ff48f9d4ac28e1cd6f29407b6104d723df30eb389337b0d7ba636c377ab","/polyfills.bdaeda8126a94981.js":"377abc3236d3e3a6ca8b53f5281da47503c0f802a47e5d4b03fdfadd464e7052","/assets/json/data.json":"5acf8d77cbe60cfcf954a28a105577f539cc71987ae68dcb65c0f8c73dd7c350","/styles.7e69a916369f8c8e.css":"72e2d333977bdbc9bb6713bf5322a2c42d0e2d425eb248789ef6b44a6deb27ef","/main.5e45dc3754251127.js":"ba80ee45351237a2f174b9c305d152e9fc9103672f28f9e74e5de46e62a2a34f"}}
[debug] [2024-01-25T22:27:16.511Z] <<< [apiv2][status] POST https://firebasehosting.googleapis.com/v1beta1/projects/629245956521/sites/dimecosalud-bellville/versions/af243a3f4e5895bd:populateFiles 200
[debug] [2024-01-25T22:27:16.511Z] <<< [apiv2][body] POST https://firebasehosting.googleapis.com/v1beta1/projects/629245956521/sites/dimecosalud-bellville/versions/af243a3f4e5895bd:populateFiles {"uploadRequiredHashes":["ba80ee45351237a2f174b9c305d152e9fc9103672f28f9e74e5de46e62a2a34f","dec6c2df35b40fe8cc0e80337287dc23d9c79c17231857ef981c2e5bebae9508"],"uploadUrl":"https://upload-firebasehosting.googleapis.com/upload/sites/dimecosalud-bellville/versions/af243a3f4e5895bd/files"}
[debug] [2024-01-25T22:27:16.511Z] >>> [apiv2][query] POST https://upload-firebasehosting.googleapis.com/upload/sites/dimecosalud-bellville/versions/af243a3f4e5895bd/files/ba80ee45351237a2f174b9c305d152e9fc9103672f28f9e74e5de46e62a2a34f [none]
[debug] [2024-01-25T22:27:16.511Z] >>> [apiv2][body] POST https://upload-firebasehosting.googleapis.com/upload/sites/dimecosalud-bellville/versions/af243a3f4e5895bd/files/ba80ee45351237a2f174b9c305d152e9fc9103672f28f9e74e5de46e62a2a34f [stream]
[debug] [2024-01-25T22:27:16.512Z] >>> [apiv2][query] POST https://upload-firebasehosting.googleapis.com/upload/sites/dimecosalud-bellville/versions/af243a3f4e5895bd/files/dec6c2df35b40fe8cc0e80337287dc23d9c79c17231857ef981c2e5bebae9508 [none]
[debug] [2024-01-25T22:27:16.512Z] >>> [apiv2][body] POST https://upload-firebasehosting.googleapis.com/upload/sites/dimecosalud-bellville/versions/af243a3f4e5895bd/files/dec6c2df35b40fe8cc0e80337287dc23d9c79c17231857ef981c2e5bebae9508 [stream]
[debug] [2024-01-25T22:27:16.513Z] [hosting][populate queue][FINAL] {"max":1110,"min":1110,"avg":1110,"active":0,"complete":1,"success":1,"errored":0,"retried":0,"total":1,"elapsed":1112}
[debug] [2024-01-25T22:27:16.513Z] [hosting] uploads queued: 2
[debug] [2024-01-25T22:27:17.680Z] <<< [apiv2][status] POST https://upload-firebasehosting.googleapis.com/upload/sites/dimecosalud-bellville/versions/af243a3f4e5895bd/files/ba80ee45351237a2f174b9c305d152e9fc9103672f28f9e74e5de46e62a2a34f 200
[debug] [2024-01-25T22:27:17.681Z] <<< [apiv2][body] POST https://upload-firebasehosting.googleapis.com/upload/sites/dimecosalud-bellville/versions/af243a3f4e5895bd/files/ba80ee45351237a2f174b9c305d152e9fc9103672f28f9e74e5de46e62a2a34f [stream]
[debug] [2024-01-25T22:27:18.039Z] <<< [apiv2][status] POST https://upload-firebasehosting.googleapis.com/upload/sites/dimecosalud-bellville/versions/af243a3f4e5895bd/files/dec6c2df35b40fe8cc0e80337287dc23d9c79c17231857ef981c2e5bebae9508 200
[debug] [2024-01-25T22:27:18.039Z] <<< [apiv2][body] POST https://upload-firebasehosting.googleapis.com/upload/sites/dimecosalud-bellville/versions/af243a3f4e5895bd/files/dec6c2df35b40fe8cc0e80337287dc23d9c79c17231857ef981c2e5bebae9508 [stream]
[debug] [2024-01-25T22:27:18.039Z] [hosting][upload queue][FINAL] {"max":1528,"min":1170,"avg":1349,"active":0,"complete":2,"success":2,"errored":0,"retried":0,"total":2,"elapsed":1528}
[info] +  hosting[dimecosalud-bellville]: file upload complete 
[debug] [2024-01-25T22:27:18.042Z] [hosting] deploy completed after 2681ms
[debug] [2024-01-25T22:27:18.042Z] [
  {
    "config": {
      "public": "dist/dimeco-salud",
      "ignore": [
        "firebase.json",
        "**/.*",
        "**/node_modules/**"
      ],
      "rewrites": [
        {
          "source": "**",
          "destination": "/index.html"
        }
      ],
      "headers": [
        {
          "source": "/assets/**",
          "headers": [
            {
              "key": "Cache-Control",
              "value": "public, max-age=1296000"
            }
          ]
        },
        {
          "source": "**/*.css",
          "headers": [
            {
              "key": "Cache-Control",
              "value": "no-cache, no-store, must-revalidate"
            }
          ]
        },
        {
          "source": "**/*.js",
          "headers": [
            {
              "key": "Cache-Control",
              "value": "no-cache, no-store, must-revalidate"
            }
          ]
        },
        {
          "source": "**/*.html",
          "headers": [
            {
              "key": "Cache-Control",
              "value": "no-cache, no-store, must-revalidate"
            }
          ]
        }
      ],
      "site": "dimecosalud-bellville"
    },
    "version": "projects/629245956521/sites/dimecosalud-bellville/versions/af243a3f4e5895bd"
  }
]
[info] i  hosting[dimecosalud-bellville]: finalizing version... 
[debug] [2024-01-25T22:27:18.045Z] >>> [apiv2][query] PATCH https://firebasehosting.googleapis.com/v1beta1/projects/-/sites/dimecosalud-bellville/versions/af243a3f4e5895bd updateMask=status%2Cconfig
[debug] [2024-01-25T22:27:18.045Z] >>> [apiv2][body] PATCH https://firebasehosting.googleapis.com/v1beta1/projects/-/sites/dimecosalud-bellville/versions/af243a3f4e5895bd {"status":"FINALIZED","config":{"rewrites":[{"glob":"**","path":"/index.html"}],"headers":[{"glob":"/assets/**","headers":{"Cache-Control":"public, max-age=1296000"}},{"glob":"**/*.css","headers":{"Cache-Control":"no-cache, no-store, must-revalidate"}},{"glob":"**/*.js","headers":{"Cache-Control":"no-cache, no-store, must-revalidate"}},{"glob":"**/*.html","headers":{"Cache-Control":"no-cache, no-store, must-revalidate"}}]}}
[debug] [2024-01-25T22:27:19.114Z] <<< [apiv2][status] PATCH https://firebasehosting.googleapis.com/v1beta1/projects/-/sites/dimecosalud-bellville/versions/af243a3f4e5895bd 200
[debug] [2024-01-25T22:27:19.114Z] <<< [apiv2][body] PATCH https://firebasehosting.googleapis.com/v1beta1/projects/-/sites/dimecosalud-bellville/versions/af243a3f4e5895bd {"name":"projects/629245956521/sites/dimecosalud-bellville/versions/af243a3f4e5895bd","status":"FINALIZED","config":{"headers":[{"headers":{"Cache-Control":"public, max-age=1296000"},"glob":"/assets/**"},{"headers":{"Cache-Control":"no-cache, no-store, must-revalidate"},"glob":"**/*.css"},{"headers":{"Cache-Control":"no-cache, no-store, must-revalidate"},"glob":"**/*.js"},{"headers":{"Cache-Control":"no-cache, no-store, must-revalidate"},"glob":"**/*.html"}],"rewrites":[{"glob":"**","path":"/index.html"}]},"labels":{"deployment-tool":"cli-firebase"},"createTime":"2024-01-25T22:27:14.982622Z","createUser":{"email":"ignaciomaiorino50@gmail.com"},"finalizeTime":"2024-01-25T22:27:18.964093Z","finalizeUser":{"email":"ignaciomaiorino50@gmail.com"}}
[debug] [2024-01-25T22:27:19.114Z] [hosting] finalized version for dimecosalud-bellville:[object Object]
[info] +  hosting[dimecosalud-bellville]: version finalized 
[info] i  hosting[dimecosalud-bellville]: releasing new version... 
[debug] [2024-01-25T22:27:19.117Z] >>> [apiv2][query] POST https://firebasehosting.googleapis.com/v1beta1/projects/-/sites/dimecosalud-bellville/channels/live/releases versionName=projects%2F629245956521%2Fsites%2Fdimecosalud-bellville%2Fversions%2Faf243a3f4e5895bd
[debug] [2024-01-25T22:27:19.117Z] >>> [apiv2][body] POST https://firebasehosting.googleapis.com/v1beta1/projects/-/sites/dimecosalud-bellville/channels/live/releases {}
[debug] [2024-01-25T22:27:20.290Z] <<< [apiv2][status] POST https://firebasehosting.googleapis.com/v1beta1/projects/-/sites/dimecosalud-bellville/channels/live/releases 200
[debug] [2024-01-25T22:27:20.290Z] <<< [apiv2][body] POST https://firebasehosting.googleapis.com/v1beta1/projects/-/sites/dimecosalud-bellville/channels/live/releases {"name":"projects/629245956521/sites/dimecosalud-bellville/channels/live/releases/1706221639570000","version":{"name":"projects/629245956521/sites/dimecosalud-bellville/versions/af243a3f4e5895bd","status":"FINALIZED","config":{"headers":[{"headers":{"Cache-Control":"public, max-age=1296000"},"glob":"/assets/**"},{"headers":{"Cache-Control":"no-cache, no-store, must-revalidate"},"glob":"**/*.css"},{"headers":{"Cache-Control":"no-cache, no-store, must-revalidate"},"glob":"**/*.js"},{"headers":{"Cache-Control":"no-cache, no-store, must-revalidate"},"glob":"**/*.html"}],"rewrites":[{"glob":"**","path":"/index.html"}]},"labels":{"deployment-tool":"cli-firebase"},"createTime":"2024-01-25T22:27:14.982622Z","createUser":{"email":"ignaciomaiorino50@gmail.com","imageUrl":"https://lh3.googleusercontent.com/a/ACg8ocIJASJgZLT6yez6VOwSiAxap7vjMT3SA7Ax6k9Qm9v5m5wQ"},"finalizeTime":"2024-01-25T22:27:18.964093Z","finalizeUser":{"email":"ignaciomaiorino50@gmail.com","imageUrl":"https://lh3.googleusercontent.com/a/ACg8ocIJASJgZLT6yez6VOwSiAxap7vjMT3SA7Ax6k9Qm9v5m5wQ"}},"type":"DEPLOY","releaseTime":"2024-01-25T22:27:19.570Z","releaseUser":{"email":"ignaciomaiorino50@gmail.com","imageUrl":"https://lh3.googleusercontent.com/a/ACg8ocIJASJgZLT6yez6VOwSiAxap7vjMT3SA7Ax6k9Qm9v5m5wQ"}}
[debug] [2024-01-25T22:27:20.291Z] [hosting] release: {"name":"projects/629245956521/sites/dimecosalud-bellville/channels/live/releases/1706221639570000","version":{"name":"projects/629245956521/sites/dimecosalud-bellville/versions/af243a3f4e5895bd","status":"FINALIZED","config":{"headers":[{"headers":{"Cache-Control":"public, max-age=1296000"},"glob":"/assets/**"},{"headers":{"Cache-Control":"no-cache, no-store, must-revalidate"},"glob":"**/*.css"},{"headers":{"Cache-Control":"no-cache, no-store, must-revalidate"},"glob":"**/*.js"},{"headers":{"Cache-Control":"no-cache, no-store, must-revalidate"},"glob":"**/*.html"}],"rewrites":[{"glob":"**","path":"/index.html"}]},"labels":{"deployment-tool":"cli-firebase"},"createTime":"2024-01-25T22:27:14.982622Z","createUser":{"email":"ignaciomaiorino50@gmail.com","imageUrl":"https://lh3.googleusercontent.com/a/ACg8ocIJASJgZLT6yez6VOwSiAxap7vjMT3SA7Ax6k9Qm9v5m5wQ"},"finalizeTime":"2024-01-25T22:27:18.964093Z","finalizeUser":{"email":"ignaciomaiorino50@gmail.com","imageUrl":"https://lh3.googleusercontent.com/a/ACg8ocIJASJgZLT6yez6VOwSiAxap7vjMT3SA7Ax6k9Qm9v5m5wQ"}},"type":"DEPLOY","releaseTime":"2024-01-25T22:27:19.570Z","releaseUser":{"email":"ignaciomaiorino50@gmail.com","imageUrl":"https://lh3.googleusercontent.com/a/ACg8ocIJASJgZLT6yez6VOwSiAxap7vjMT3SA7Ax6k9Qm9v5m5wQ"}}
[info] +  hosting[dimecosalud-bellville]: release complete 
[info] 
[info] +  Deploy complete! 
[info] 
[info] Project Console: https://console.firebase.google.com/project/dimecosalud-bellville/overview
[info] Hosting URL: https://dimecosalud-bellville.web.app
